<?xml version="1.0" encoding="UTF-8"?>
<testng-results ignored="0" total="1" passed="1" failed="0" skipped="0">
  <reporter-output>
  </reporter-output>
  <suite started-at="2023-01-06T18:21:53 CST" name="Surefire suite" finished-at="2023-01-06T18:22:11 CST" duration-ms="18134">
    <groups>
      <group name="cucumber">
        <method signature="AbstractTestNGCucumberTests.feature(cucumber.api.testng.CucumberFeatureWrapper)[pri:0, instance:TestRuner.TestRunerclass@6bedbc4d]" name="feature" class="cucumber.api.testng.AbstractTestNGCucumberTests"/>
      </group> <!-- cucumber -->
    </groups>
    <test started-at="2023-01-06T18:21:53 CST" name="Surefire test" finished-at="2023-01-06T18:22:11 CST" duration-ms="18134">
      <class name="TestRuner.TestRunerclass">
        <test-method is-config="true" signature="setup()[pri:0, instance:TestRuner.TestRunerclass@6bedbc4d]" started-at="2023-01-06T18:21:53 CST" name="setup" finished-at="2023-01-06T18:21:55 CST" duration-ms="2210" status="PASS">
          <reporter-output>
          </reporter-output>
        </test-method> <!-- setup -->
        <test-method is-config="true" signature="setUpClass()[pri:0, instance:TestRuner.TestRunerclass@6bedbc4d]" started-at="2023-01-06T18:21:55 CST" name="setUpClass" finished-at="2023-01-06T18:21:56 CST" duration-ms="231" status="PASS">
          <reporter-output>
          </reporter-output>
        </test-method> <!-- setUpClass -->
        <test-method signature="feature(cucumber.api.testng.CucumberFeatureWrapper)[pri:0, instance:TestRuner.TestRunerclass@6bedbc4d]" started-at="2023-01-06T18:21:56 CST" name="feature" description="Runs Cucumber Feature" data-provider="features" finished-at="2023-01-06T18:22:11 CST" duration-ms="15144" status="PASS">
          <params>
            <param index="0">
              <value>
                <![CDATA[This feature is to verify button and links in home page]]>
              </value>
            </param>
          </params>
          <reporter-output>
          </reporter-output>
        </test-method> <!-- feature -->
        <test-method is-config="true" signature="tearDownClass()[pri:0, instance:TestRuner.TestRunerclass@6bedbc4d]" started-at="2023-01-06T18:22:11 CST" name="tearDownClass" finished-at="2023-01-06T18:22:11 CST" duration-ms="18" status="PASS">
          <reporter-output>
          </reporter-output>
        </test-method> <!-- tearDownClass -->
        <test-method is-config="true" signature="closeurl()[pri:0, instance:TestRuner.TestRunerclass@6bedbc4d]" started-at="2023-01-06T18:22:11 CST" name="closeurl" finished-at="2023-01-06T18:22:11 CST" duration-ms="351" status="PASS">
          <reporter-output>
          </reporter-output>
        </test-method> <!-- closeurl -->
      </class> <!-- TestRuner.TestRunerclass -->
    </test> <!-- Surefire test -->
  </suite> <!-- Surefire suite -->
</testng-results>
