<?xml version="1.0" encoding="UTF-8"?>
<testng-results ignored="0" total="1" passed="1" failed="0" skipped="0">
  <reporter-output>
  </reporter-output>
  <suite started-at="2023-01-13T20:23:09 CST" name="Default suite" finished-at="2023-01-13T20:24:19 CST" duration-ms="69620">
    <groups>
      <group name="cucumber">
        <method signature="AbstractTestNGCucumberTests.feature(cucumber.api.testng.CucumberFeatureWrapper)[pri:0, instance:TestRuner.TestRunerclass@6caf0677]" name="feature" class="cucumber.api.testng.AbstractTestNGCucumberTests"/>
      </group> <!-- cucumber -->
    </groups>
    <test started-at="2023-01-13T20:23:09 CST" name="Default test" finished-at="2023-01-13T20:24:19 CST" duration-ms="69620">
      <class name="TestRuner.TestRunerclass">
        <test-method is-config="true" signature="setup()[pri:0, instance:TestRuner.TestRunerclass@6caf0677]" started-at="2023-01-13T20:23:09 CST" name="setup" finished-at="2023-01-13T20:23:12 CST" duration-ms="2834" status="PASS">
          <reporter-output>
          </reporter-output>
        </test-method> <!-- setup -->
        <test-method is-config="true" signature="setUpClass()[pri:0, instance:TestRuner.TestRunerclass@6caf0677]" started-at="2023-01-13T20:23:12 CST" name="setUpClass" finished-at="2023-01-13T20:23:12 CST" duration-ms="350" status="PASS">
          <reporter-output>
          </reporter-output>
        </test-method> <!-- setUpClass -->
        <test-method signature="feature(cucumber.api.testng.CucumberFeatureWrapper)[pri:0, instance:TestRuner.TestRunerclass@6caf0677]" started-at="2023-01-13T20:23:12 CST" name="feature" description="Runs Cucumber Feature" data-provider="features" finished-at="2023-01-13T20:24:18 CST" duration-ms="65838" status="PASS">
          <params>
            <param index="0">
              <value>
                <![CDATA[This feature is to verify button and links in home page]]>
              </value>
            </param>
          </params>
          <reporter-output>
          </reporter-output>
        </test-method> <!-- feature -->
        <test-method is-config="true" signature="tearDownClass()[pri:0, instance:TestRuner.TestRunerclass@6caf0677]" started-at="2023-01-13T20:24:18 CST" name="tearDownClass" finished-at="2023-01-13T20:24:18 CST" duration-ms="19" status="PASS">
          <reporter-output>
          </reporter-output>
        </test-method> <!-- tearDownClass -->
        <test-method is-config="true" signature="closeurl()[pri:0, instance:TestRuner.TestRunerclass@6caf0677]" started-at="2023-01-13T20:24:18 CST" name="closeurl" finished-at="2023-01-13T20:24:19 CST" duration-ms="374" status="PASS">
          <reporter-output>
          </reporter-output>
        </test-method> <!-- closeurl -->
      </class> <!-- TestRuner.TestRunerclass -->
    </test> <!-- Default test -->
  </suite> <!-- Default suite -->
</testng-results>
